<testsuites id="" name="" tests="3" failures="0" skipped="0" errors="0" time="6.302332000000001">
<testsuite name="example.spec.js" timestamp="2024-11-07T23:20:49.892Z" hostname="chromium" tests="3" failures="0" skipped="0" time="12.558" errors="0">
<testcase name="has title" classname="example.spec.js" time="4.031">
<system-out>
<![CDATA[
[[ATTACHMENT|test-results/example-has-title-chromium/video.webm]]

[[ATTACHMENT|test-results/example-has-title-chromium/trace.zip]]
]]>
</system-out>
</testcase>
<testcase name="get started link" classname="example.spec.js" time="4.018">
<system-out>
<![CDATA[
[[ATTACHMENT|test-results/example-get-started-link-chromium/video.webm]]

[[ATTACHMENT|test-results/example-get-started-link-chromium/trace.zip]]
]]>
</system-out>
</testcase>
<testcase name="verify labels from playwright" classname="example.spec.js" time="4.509">
<system-out>
<![CDATA[
[[ATTACHMENT|test-results/example-verify-labels-from-playwright-chromium/video.webm]]

[[ATTACHMENT|test-results/example-verify-labels-from-playwright-chromium/trace.zip]]
]]>
</system-out>
</testcase>
</testsuite>
</testsuites>